Analysis & Synthesis report for t01
Tue Jun 07 17:23:32 2022
Quartus II Version 9.1 Build 350 03/24/2010 Service Pack 2 SJ Web Edition


---------------------
; Table of Contents ;
---------------------
  1. Legal Notice
  2. Analysis & Synthesis Summary
  3. Analysis & Synthesis Settings
  4. Parallel Compilation
  5. Analysis & Synthesis Source Files Read
  6. Analysis & Synthesis Resource Usage Summary
  7. Analysis & Synthesis Resource Utilization by Entity
  8. User-Specified and Inferred Latches
  9. General Register Statistics
 10. Inverted Register Statistics
 11. Multiplexer Restructuring Statistics (Restructuring Performed)
 12. Analysis & Synthesis Messages



----------------
; Legal Notice ;
----------------
Copyright (C) 1991-2010 Altera Corporation
Your use of Altera Corporation's design tools, logic functions 
and other software and tools, and its AMPP partner logic 
functions, and any output files from any of the foregoing 
(including device programming or simulation files), and any 
associated documentation or information are expressly subject 
to the terms and conditions of the Altera Program License 
Subscription Agreement, Altera MegaCore Function License 
Agreement, or other applicable license agreement, including, 
without limitation, that your use is for the sole purpose of 
programming logic devices manufactured by Altera and sold by 
Altera or its authorized distributors.  Please refer to the 
applicable agreement for further details.



+-----------------------------------------------------------------------------------+
; Analysis & Synthesis Summary                                                      ;
+------------------------------------+----------------------------------------------+
; Analysis & Synthesis Status        ; Successful - Tue Jun 07 17:23:32 2022        ;
; Quartus II Version                 ; 9.1 Build 350 03/24/2010 SP 2 SJ Web Edition ;
; Revision Name                      ; t01                                          ;
; Top-level Entity Name              ; t01                                          ;
; Family                             ; Cyclone III                                  ;
; Total logic elements               ; 145                                          ;
;     Total combinational functions  ; 145                                          ;
;     Dedicated logic registers      ; 42                                           ;
; Total registers                    ; 42                                           ;
; Total pins                         ; 34                                           ;
; Total virtual pins                 ; 0                                            ;
; Total memory bits                  ; 0                                            ;
; Embedded Multiplier 9-bit elements ; 0                                            ;
; Total PLLs                         ; 0                                            ;
+------------------------------------+----------------------------------------------+


+----------------------------------------------------------------------------------------------------------------------+
; Analysis & Synthesis Settings                                                                                        ;
+----------------------------------------------------------------------------+--------------------+--------------------+
; Option                                                                     ; Setting            ; Default Value      ;
+----------------------------------------------------------------------------+--------------------+--------------------+
; Device                                                                     ; EP3C16F484C6       ;                    ;
; Top-level entity name                                                      ; t01                ; t01                ;
; Family name                                                                ; Cyclone III        ; Stratix II         ;
; Use Generated Physical Constraints File                                    ; Off                ;                    ;
; Use smart compilation                                                      ; Off                ; Off                ;
; Enable parallel Assembler and TimeQuest Timing Analyzer during compilation ; On                 ; On                 ;
; Enable compact report table                                                ; Off                ; Off                ;
; Restructure Multiplexers                                                   ; Auto               ; Auto               ;
; Create Debugging Nodes for IP Cores                                        ; Off                ; Off                ;
; Preserve fewer node names                                                  ; On                 ; On                 ;
; Disable OpenCore Plus hardware evaluation                                  ; Off                ; Off                ;
; Verilog Version                                                            ; Verilog_2001       ; Verilog_2001       ;
; VHDL Version                                                               ; VHDL_1993          ; VHDL_1993          ;
; State Machine Processing                                                   ; Auto               ; Auto               ;
; Safe State Machine                                                         ; Off                ; Off                ;
; Extract Verilog State Machines                                             ; On                 ; On                 ;
; Extract VHDL State Machines                                                ; On                 ; On                 ;
; Ignore Verilog initial constructs                                          ; Off                ; Off                ;
; Iteration limit for constant Verilog loops                                 ; 5000               ; 5000               ;
; Iteration limit for non-constant Verilog loops                             ; 250                ; 250                ;
; Add Pass-Through Logic to Inferred RAMs                                    ; On                 ; On                 ;
; Parallel Synthesis                                                         ; On                 ; On                 ;
; DSP Block Balancing                                                        ; Auto               ; Auto               ;
; NOT Gate Push-Back                                                         ; On                 ; On                 ;
; Power-Up Don't Care                                                        ; On                 ; On                 ;
; Remove Redundant Logic Cells                                               ; Off                ; Off                ;
; Remove Duplicate Registers                                                 ; On                 ; On                 ;
; Ignore CARRY Buffers                                                       ; Off                ; Off                ;
; Ignore CASCADE Buffers                                                     ; Off                ; Off                ;
; Ignore GLOBAL Buffers                                                      ; Off                ; Off                ;
; Ignore ROW GLOBAL Buffers                                                  ; Off                ; Off                ;
; Ignore LCELL Buffers                                                       ; Off                ; Off                ;
; Ignore SOFT Buffers                                                        ; On                 ; On                 ;
; Limit AHDL Integers to 32 Bits                                             ; Off                ; Off                ;
; Optimization Technique                                                     ; Balanced           ; Balanced           ;
; Carry Chain Length                                                         ; 70                 ; 70                 ;
; Auto Carry Chains                                                          ; On                 ; On                 ;
; Auto Open-Drain Pins                                                       ; On                 ; On                 ;
; Perform WYSIWYG Primitive Resynthesis                                      ; Off                ; Off                ;
; Auto ROM Replacement                                                       ; On                 ; On                 ;
; Auto RAM Replacement                                                       ; On                 ; On                 ;
; Auto DSP Block Replacement                                                 ; On                 ; On                 ;
; Auto Shift Register Replacement                                            ; Auto               ; Auto               ;
; Auto Clock Enable Replacement                                              ; On                 ; On                 ;
; Strict RAM Replacement                                                     ; Off                ; Off                ;
; Allow Synchronous Control Signals                                          ; On                 ; On                 ;
; Force Use of Synchronous Clear Signals                                     ; Off                ; Off                ;
; Auto RAM Block Balancing                                                   ; On                 ; On                 ;
; Auto RAM to Logic Cell Conversion                                          ; Off                ; Off                ;
; Auto Resource Sharing                                                      ; Off                ; Off                ;
; Allow Any RAM Size For Recognition                                         ; Off                ; Off                ;
; Allow Any ROM Size For Recognition                                         ; Off                ; Off                ;
; Allow Any Shift Register Size For Recognition                              ; Off                ; Off                ;
; Use LogicLock Constraints during Resource Balancing                        ; On                 ; On                 ;
; Ignore translate_off and synthesis_off directives                          ; Off                ; Off                ;
; Timing-Driven Synthesis                                                    ; On                 ; On                 ;
; Show Parameter Settings Tables in Synthesis Report                         ; On                 ; On                 ;
; Ignore Maximum Fan-Out Assignments                                         ; Off                ; Off                ;
; Synchronization Register Chain Length                                      ; 2                  ; 2                  ;
; PowerPlay Power Optimization                                               ; Normal compilation ; Normal compilation ;
; HDL message level                                                          ; Level2             ; Level2             ;
; Suppress Register Optimization Related Messages                            ; Off                ; Off                ;
; Number of Removed Registers Reported in Synthesis Report                   ; 5000               ; 5000               ;
; Number of Inverted Registers Reported in Synthesis Report                  ; 100                ; 100                ;
; Clock MUX Protection                                                       ; On                 ; On                 ;
; Auto Gated Clock Conversion                                                ; Off                ; Off                ;
; Block Design Naming                                                        ; Auto               ; Auto               ;
; SDC constraint protection                                                  ; Off                ; Off                ;
; Synthesis Effort                                                           ; Auto               ; Auto               ;
; Shift Register Replacement - Allow Asynchronous Clear Signal               ; On                 ; On                 ;
; Analysis & Synthesis Message Level                                         ; Medium             ; Medium             ;
; Disable Register Merging Across Hierarchies                                ; Auto               ; Auto               ;
; Resource Aware Inference For Block RAM                                     ; On                 ; On                 ;
+----------------------------------------------------------------------------+--------------------+--------------------+


Parallel compilation was disabled, but you have multiple processors available. Enable parallel compilation to reduce compilation time.
+-------------------------------------+
; Parallel Compilation                ;
+----------------------------+--------+
; Processors                 ; Number ;
+----------------------------+--------+
; Number detected on machine ; 6      ;
; Maximum allowed            ; 1      ;
+----------------------------+--------+


+-------------------------------------------------------------------------------------------------------------------+
; Analysis & Synthesis Source Files Read                                                                            ;
+----------------------------------+-----------------+-----------------------+--------------------------------------+
; File Name with User-Entered Path ; Used in Netlist ; File Type             ; File Name with Absolute Path         ;
+----------------------------------+-----------------+-----------------------+--------------------------------------+
; t01.vhd                          ; yes             ; User VHDL File        ; E:/QUARTUS_class/0607/t01.vhd        ;
; segwithdot.vhd                   ; yes             ; Auto-Found VHDL File  ; E:/QUARTUS_class/0607/segwithdot.vhd ;
; seg.vhd                          ; yes             ; Auto-Found VHDL File  ; E:/QUARTUS_class/0607/seg.vhd        ;
+----------------------------------+-----------------+-----------------------+--------------------------------------+


+---------------------------------------------------------+
; Analysis & Synthesis Resource Usage Summary             ;
+---------------------------------------------+-----------+
; Resource                                    ; Usage     ;
+---------------------------------------------+-----------+
; Estimated Total logic elements              ; 145       ;
;                                             ;           ;
; Total combinational functions               ; 145       ;
; Logic element usage by number of LUT inputs ;           ;
;     -- 4 input functions                    ; 67        ;
;     -- 3 input functions                    ; 38        ;
;     -- <=2 input functions                  ; 40        ;
;                                             ;           ;
; Logic elements by mode                      ;           ;
;     -- normal mode                          ; 112       ;
;     -- arithmetic mode                      ; 33        ;
;                                             ;           ;
; Total registers                             ; 42        ;
;     -- Dedicated logic registers            ; 42        ;
;     -- I/O registers                        ; 0         ;
;                                             ;           ;
; I/O pins                                    ; 34        ;
; Maximum fan-out node                        ; clk~input ;
; Maximum fan-out                             ; 26        ;
; Total fan-out                               ; 635       ;
; Average fan-out                             ; 2.49      ;
+---------------------------------------------+-----------+


+------------------------------------------------------------------------------------------------------------------------------------------------------------------------------+
; Analysis & Synthesis Resource Utilization by Entity                                                                                                                          ;
+----------------------------+-------------------+--------------+-------------+--------------+---------+-----------+------+--------------+----------------------+--------------+
; Compilation Hierarchy Node ; LC Combinationals ; LC Registers ; Memory Bits ; DSP Elements ; DSP 9x9 ; DSP 18x18 ; Pins ; Virtual Pins ; Full Hierarchy Name  ; Library Name ;
+----------------------------+-------------------+--------------+-------------+--------------+---------+-----------+------+--------------+----------------------+--------------+
; |t01                       ; 145 (59)          ; 42 (42)      ; 0           ; 0            ; 0       ; 0         ; 34   ; 0            ; |t01                 ; work         ;
;    |SegWithDot:segA|       ; 22 (22)           ; 0 (0)        ; 0           ; 0            ; 0       ; 0         ; 0    ; 0            ; |t01|SegWithDot:segA ;              ;
;    |SegWithDot:segC|       ; 22 (22)           ; 0 (0)        ; 0           ; 0            ; 0       ; 0         ; 0    ; 0            ; |t01|SegWithDot:segC ; work         ;
;    |seg:segB|              ; 21 (21)           ; 0 (0)        ; 0           ; 0            ; 0       ; 0         ; 0    ; 0            ; |t01|seg:segB        ;              ;
;    |seg:segD|              ; 21 (21)           ; 0 (0)        ; 0           ; 0            ; 0       ; 0         ; 0    ; 0            ; |t01|seg:segD        ; work         ;
+----------------------------+-------------------+--------------+-------------+--------------+---------+-----------+------+--------------+----------------------+--------------+
Note: For table entries with two numbers listed, the numbers in parentheses indicate the number of resources of the given type used by the specific entity alone. The numbers listed outside of parentheses indicate the total resources of the given type used by the specific entity and all of its sub-entities in the hierarchy.


+----------------------------------------------------------------------------------------------------+
; User-Specified and Inferred Latches                                                                ;
+-----------------------------------------------------+---------------------+------------------------+
; Latch Name                                          ; Latch Enable Signal ; Free of Timing Hazards ;
+-----------------------------------------------------+---------------------+------------------------+
; SegWithDot:segA|seg[1]                              ; GND                 ; yes                    ;
; SegWithDot:segA|seg[2]                              ; GND                 ; yes                    ;
; SegWithDot:segA|seg[3]                              ; GND                 ; yes                    ;
; SegWithDot:segA|seg[4]                              ; GND                 ; yes                    ;
; SegWithDot:segA|seg[5]                              ; GND                 ; yes                    ;
; SegWithDot:segA|seg[6]                              ; GND                 ; yes                    ;
; SegWithDot:segA|seg[7]                              ; GND                 ; yes                    ;
; seg:segB|seg[1]                                     ; GND                 ; yes                    ;
; seg:segB|seg[2]                                     ; GND                 ; yes                    ;
; seg:segB|seg[3]                                     ; GND                 ; yes                    ;
; seg:segB|seg[4]                                     ; GND                 ; yes                    ;
; seg:segB|seg[5]                                     ; GND                 ; yes                    ;
; seg:segB|seg[6]                                     ; GND                 ; yes                    ;
; seg:segB|seg[7]                                     ; GND                 ; yes                    ;
; SegWithDot:segC|seg[1]                              ; GND                 ; yes                    ;
; SegWithDot:segC|seg[2]                              ; GND                 ; yes                    ;
; SegWithDot:segC|seg[3]                              ; GND                 ; yes                    ;
; SegWithDot:segC|seg[4]                              ; GND                 ; yes                    ;
; SegWithDot:segC|seg[5]                              ; GND                 ; yes                    ;
; SegWithDot:segC|seg[6]                              ; GND                 ; yes                    ;
; SegWithDot:segC|seg[7]                              ; GND                 ; yes                    ;
; seg:segD|seg[1]                                     ; GND                 ; yes                    ;
; seg:segD|seg[2]                                     ; GND                 ; yes                    ;
; seg:segD|seg[3]                                     ; GND                 ; yes                    ;
; seg:segD|seg[4]                                     ; GND                 ; yes                    ;
; seg:segD|seg[5]                                     ; GND                 ; yes                    ;
; seg:segD|seg[6]                                     ; GND                 ; yes                    ;
; seg:segD|seg[7]                                     ; GND                 ; yes                    ;
; Number of user-specified and inferred latches = 28  ;                     ;                        ;
+-----------------------------------------------------+---------------------+------------------------+
Note: All latches listed above may not be present at the end of synthesis due to various synthesis optimizations.


+------------------------------------------------------+
; General Register Statistics                          ;
+----------------------------------------------+-------+
; Statistic                                    ; Value ;
+----------------------------------------------+-------+
; Total registers                              ; 42    ;
; Number of registers using Synchronous Clear  ; 0     ;
; Number of registers using Synchronous Load   ; 8     ;
; Number of registers using Asynchronous Clear ; 16    ;
; Number of registers using Asynchronous Load  ; 0     ;
; Number of registers using Clock Enable       ; 7     ;
; Number of registers using Preset             ; 0     ;
+----------------------------------------------+-------+


+--------------------------------------------------+
; Inverted Register Statistics                     ;
+----------------------------------------+---------+
; Inverted Register                      ; Fan out ;
+----------------------------------------+---------+
; qn[6]                                  ; 17      ;
; qn[4]                                  ; 17      ;
; qn[13]                                 ; 17      ;
; qn[12]                                 ; 16      ;
; qn[2]                                  ; 18      ;
; qn[1]                                  ; 19      ;
; qn[10]                                 ; 17      ;
; Total number of inverted registers = 7 ;         ;
+----------------------------------------+---------+


+-------------------------------------------------------------------------------------------------------------------------------------------+
; Multiplexer Restructuring Statistics (Restructuring Performed)                                                                            ;
+--------------------+-----------+---------------+----------------------+------------------------+------------+-----------------------------+
; Multiplexer Inputs ; Bus Width ; Baseline Area ; Area if Restructured ; Saving if Restructured ; Registered ; Example Multiplexer Output  ;
+--------------------+-----------+---------------+----------------------+------------------------+------------+-----------------------------+
; 3:1                ; 3 bits    ; 6 LEs         ; 3 LEs                ; 3 LEs                  ; Yes        ; |t01|qn[11]                 ;
; 4:1                ; 2 bits    ; 4 LEs         ; 2 LEs                ; 2 LEs                  ; Yes        ; |t01|qn[5]                  ;
; 5:1                ; 2 bits    ; 6 LEs         ; 2 LEs                ; 4 LEs                  ; Yes        ; |t01|qn[3]                  ;
; 4:1                ; 2 bits    ; 4 LEs         ; 2 LEs                ; 2 LEs                  ; Yes        ; |t01|qn[4]                  ;
; 5:1                ; 2 bits    ; 6 LEs         ; 2 LEs                ; 4 LEs                  ; Yes        ; |t01|qn[1]                  ;
; 5:1                ; 3 bits    ; 9 LEs         ; 6 LEs                ; 3 LEs                  ; No         ; |t01|SegWithDot:segA|seg[7] ;
; 5:1                ; 3 bits    ; 9 LEs         ; 6 LEs                ; 3 LEs                  ; No         ; |t01|seg:segB|seg[2]        ;
; 5:1                ; 3 bits    ; 9 LEs         ; 6 LEs                ; 3 LEs                  ; No         ; |t01|SegWithDot:segC|seg[7] ;
; 5:1                ; 3 bits    ; 9 LEs         ; 6 LEs                ; 3 LEs                  ; No         ; |t01|seg:segD|seg[2]        ;
+--------------------+-----------+---------------+----------------------+------------------------+------------+-----------------------------+


+-------------------------------+
; Analysis & Synthesis Messages ;
+-------------------------------+
Info: *******************************************************************
Info: Running Quartus II Analysis & Synthesis
    Info: Version 9.1 Build 350 03/24/2010 Service Pack 2 SJ Web Edition
    Info: Processing started: Tue Jun 07 17:23:31 2022
Info: Command: quartus_map --read_settings_files=on --write_settings_files=off t01 -c t01
Info: Found 2 design units, including 1 entities, in source file t01.vhd
    Info: Found design unit 1: t01-clock
    Info: Found entity 1: t01
Info: Elaborating entity "t01" for the top level hierarchy
Warning: Using design file segwithdot.vhd, which is not specified as a design file for the current project, but contains definitions for 2 design units and 1 entities in project
    Info: Found design unit 1: SegWithDot-BCD_seg
    Info: Found entity 1: SegWithDot
Info: Elaborating entity "SegWithDot" for hierarchy "SegWithDot:segA"
Info (10041): Inferred latch for "seg[0]" at segwithdot.vhd(13)
Info (10041): Inferred latch for "seg[1]" at segwithdot.vhd(13)
Info (10041): Inferred latch for "seg[2]" at segwithdot.vhd(13)
Info (10041): Inferred latch for "seg[3]" at segwithdot.vhd(13)
Info (10041): Inferred latch for "seg[4]" at segwithdot.vhd(13)
Info (10041): Inferred latch for "seg[5]" at segwithdot.vhd(13)
Info (10041): Inferred latch for "seg[6]" at segwithdot.vhd(13)
Info (10041): Inferred latch for "seg[7]" at segwithdot.vhd(13)
Warning: Using design file seg.vhd, which is not specified as a design file for the current project, but contains definitions for 2 design units and 1 entities in project
    Info: Found design unit 1: seg-BCD_seg
    Info: Found entity 1: seg
Info: Elaborating entity "seg" for hierarchy "seg:segB"
Info (10041): Inferred latch for "seg[0]" at seg.vhd(13)
Info (10041): Inferred latch for "seg[1]" at seg.vhd(13)
Info (10041): Inferred latch for "seg[2]" at seg.vhd(13)
Info (10041): Inferred latch for "seg[3]" at seg.vhd(13)
Info (10041): Inferred latch for "seg[4]" at seg.vhd(13)
Info (10041): Inferred latch for "seg[5]" at seg.vhd(13)
Info (10041): Inferred latch for "seg[6]" at seg.vhd(13)
Info (10041): Inferred latch for "seg[7]" at seg.vhd(13)
Info: Registers with preset signals will power-up high
Info: DEV_CLRn pin will set, and not reset, register with preset signal due to NOT Gate Push-Back
Warning: Output pins are stuck at VCC or GND
    Warning (13410): Pin "seg0[7]" is stuck at GND
    Warning (13410): Pin "seg1[7]" is stuck at VCC
    Warning (13410): Pin "seg2[7]" is stuck at GND
    Warning (13410): Pin "seg3[7]" is stuck at VCC
Info: Timing-Driven Synthesis is running
Info: Implemented 179 device resources after synthesis - the final resource count might be different
    Info: Implemented 2 input pins
    Info: Implemented 32 output pins
    Info: Implemented 145 logic cells
Info: Quartus II Analysis & Synthesis was successful. 0 errors, 7 warnings
    Info: Peak virtual memory: 265 megabytes
    Info: Processing ended: Tue Jun 07 17:23:32 2022
    Info: Elapsed time: 00:00:01
    Info: Total CPU time (on all processors): 00:00:01


